<?xml version="1.0" encoding="UTF-8"?>
<!-- Generated by org.testng.reporters.JUnitReportReporter -->
<testsuite hostname="HP" failures="0" tests="3" name="priority.TestNGPriorityDemo" time="0.039" errors="0" timestamp="2020-09-15T20:09:43 IST" skipped="0">
  <testcase classname="priority.TestNGPriorityDemo" name="test3" time="0.027"/>
  <system-out/>
  <testcase classname="priority.TestNGPriorityDemo" name="testa2" time="0.005"/>
  <system-out/>
  <testcase classname="priority.TestNGPriorityDemo" name="testb1" time="0.007"/>
  <system-out/>
</testsuite> <!-- priority.TestNGPriorityDemo -->
