<?xml version="1.0" encoding="UTF-8"?>
<!-- Generated by org.testng.reporters.JUnitReportReporter -->
<testsuite hostname="HP" failures="0" tests="2" name="test.ExtentReportsTestNG" time="3.643" errors="0" timestamp="2020-09-11T01:02:43 IST" skipped="0">
  <testcase classname="test.ExtentReportsTestNG" name="test1" time="3.638"/>
  <system-out/>
  <testcase classname="test.ExtentReportsTestNG" name="test2" time="0.005"/>
  <system-out/>
</testsuite> <!-- test.ExtentReportsTestNG -->
