<?xml version="1.0" encoding="UTF-8"?>
<!-- Generated by org.testng.reporters.JUnitReportReporter -->
<testsuite hostname="HP" failures="0" tests="1" name="test.TestNGdemo" time="8.418" errors="0" timestamp="2020-09-12T03:43:39 IST" skipped="0">
  <testcase classname="test.TestNGdemo" name="googleSearchTest" time="8.418"/>
  <system-out/>
</testsuite> <!-- test.TestNGdemo -->
