<?xml version="1.0" encoding="UTF-8"?>
<!-- Generated by org.testng.reporters.JUnitReportReporter -->
<testsuite hostname="HP" failures="0" tests="2" name="Demo.TestNGIgnoreDemo" time="0.021" errors="0" timestamp="2020-09-16T20:42:03 IST" skipped="1">
  <testcase classname="Demo.TestNGIgnoreDemo" name="test2" time="0.021"/>
  <system-out/>
  <testcase classname="Demo.TestNGIgnoreDemo" name="test1">
    <skipped/>
  </testcase> <!-- test1 -->
  <system-out/>
</testsuite> <!-- Demo.TestNGIgnoreDemo -->
