<?xml version="1.0" encoding="UTF-8"?>
<!-- Generated by org.testng.reporters.JUnitReportReporter -->
<testsuite hostname="HP" failures="0" tests="3" name="listeners.TestNGListenersDemo2" time="0.031" errors="0" timestamp="2020-09-15T04:33:41 IST" skipped="0">
  <testcase classname="listeners.TestNGListenersDemo2" name="test4" time="0.021"/>
  <system-out/>
  <testcase classname="listeners.TestNGListenersDemo2" name="test5" time="0.004"/>
  <system-out/>
  <testcase classname="listeners.TestNGListenersDemo2" name="test6" time="0.006"/>
  <system-out/>
</testsuite> <!-- listeners.TestNGListenersDemo2 -->
