<?xml version="1.0" encoding="UTF-8"?>
<!-- Generated by org.testng.reporters.JUnitReportReporter -->
<testsuite hostname="HP" failures="0" tests="3" name="utils.ExcelDataProvider" time="27.995" errors="0" timestamp="2020-09-14T22:44:12 IST" skipped="0">
  <testcase classname="utils.ExcelDataProvider" name="test1" time="11.956"/>
  <system-out/>
  <testcase classname="utils.ExcelDataProvider" name="test1" time="7.031"/>
  <system-out/>
  <testcase classname="utils.ExcelDataProvider" name="test1" time="9.008"/>
  <system-out/>
</testsuite> <!-- utils.ExcelDataProvider -->
