<?xml version="1.0" encoding="UTF-8"?>
<!-- Generated by org.testng.reporters.JUnitReportReporter -->
<testsuite hostname="HP" failures="0" tests="3" name="Demo.TestNGDependencyDemo" time="0.031" errors="0" timestamp="2020-09-16T01:44:07 IST" skipped="0">
  <testcase classname="Demo.TestNGDependencyDemo" name="test2" time="0.019"/>
  <system-out/>
  <testcase classname="Demo.TestNGDependencyDemo" name="test1" time="0.006"/>
  <system-out/>
  <testcase classname="Demo.TestNGDependencyDemo" name="test3" time="0.006"/>
  <system-out/>
</testsuite> <!-- Demo.TestNGDependencyDemo -->
