<?xml version="1.0" encoding="UTF-8"?>
<!-- Generated by org.testng.reporters.JUnitReportReporter -->
<testsuite hostname="HP" failures="0" tests="1" name="Demo.Test1" time="24.546" errors="0" timestamp="2020-09-17T00:35:41 IST" skipped="0">
  <testcase classname="Demo.Test1" name="test1" time="24.546"/>
  <system-out/>
</testsuite> <!-- Demo.Test1 -->
