<?xml version="1.0" encoding="UTF-8"?>
<!-- Generated by org.testng.reporters.JUnitReportReporter -->
<testsuite hostname="HP" failures="0" tests="5" name="Demo.TestNGGroupsDemo" time="0.034" errors="0" timestamp="2020-09-16T00:57:28 IST" skipped="0">
  <testcase classname="Demo.TestNGGroupsDemo" name="test4" time="0.003"/>
  <system-out/>
  <testcase classname="Demo.TestNGGroupsDemo" name="test1" time="0.019"/>
  <system-out/>
  <testcase classname="Demo.TestNGGroupsDemo" name="test3" time="0.004"/>
  <system-out/>
  <testcase classname="Demo.TestNGGroupsDemo" name="test5" time="0.003"/>
  <system-out/>
  <testcase classname="Demo.TestNGGroupsDemo" name="test2" time="0.005"/>
  <system-out/>
</testsuite> <!-- Demo.TestNGGroupsDemo -->
