<?xml version="1.0" encoding="UTF-8"?>
<!-- Generated by org.testng.reporters.JUnitReportReporter -->
<testsuite hostname="HP" failures="0" tests="1" name="Demo.TestNGParametersDemo" time="0.020" errors="0" timestamp="2020-09-16T01:14:23 IST" skipped="0">
  <testcase classname="Demo.TestNGParametersDemo" name="test" time="0.020"/>
  <system-out/>
</testsuite> <!-- Demo.TestNGParametersDemo -->
