<?xml version="1.0" encoding="UTF-8"?>
<!-- Generated by org.testng.reporters.JUnitReportReporter -->
<testsuite hostname="HP" failures="0" tests="1" name="test.TestNGdemo2" time="34.764" errors="0" timestamp="2020-09-11T04:30:02 IST" skipped="0">
  <testcase classname="test.TestNGdemo2" name="googleSearchTest3" time="34.764"/>
  <system-out/>
</testsuite> <!-- test.TestNGdemo2 -->
